<?xml version="1.0" encoding="UTF-8"?>
<testsuite name="StringCalculatorTest" tests="1" skipped="0" failures="0" errors="0" timestamp="2021-02-13T19:25:56" hostname="LAPTOP-0IPVLJS7" time="0.012">
  <properties/>
  <testcase name="numberBiggeraThan1000ShouldNotBeAdded()" classname="StringCalculatorTest" time="0.012"/>
  <system-out><![CDATA[]]></system-out>
  <system-err><![CDATA[]]></system-err>
</testsuite>
