<?xml version="1.0" encoding="UTF-8"?>
<testsuite name="StringCalculatorTest" tests="2" skipped="0" failures="0" errors="0" timestamp="2021-02-12T12:14:12" hostname="LAPTOP-0IPVLJS7" time="0.018">
  <properties/>
  <testcase name="shouldReturnSameWhenStringIsSingleLength()" classname="StringCalculatorTest" time="0.017"/>
  <testcase name="shouldReturnZeroWhenStringEmpty()" classname="StringCalculatorTest" time="0.0"/>
  <system-out><![CDATA[]]></system-out>
  <system-err><![CDATA[]]></system-err>
</testsuite>
